<?xml version="1.0" encoding="UTF-8"?>
<!-- Generated by org.testng.reporters.JUnitReportReporter -->
<testsuite hostname="DESKTOP-LJ0INAF" failures="0" tests="1" name="Basic.AjioTest" time="87.188" errors="0" timestamp="2024-03-19T00:38:49 IST" skipped="0">
  <testcase classname="Basic.AjioTest" name="ajio1" time="87.188"/>
  <system-out/>
</testsuite> <!-- Basic.AjioTest -->
